<?xml version="1.0" encoding="UTF-8"?>
<!-- Generated by org.testng.reporters.JUnitXMLReporter -->
<testsuite hostname="RAJESH-PC" ignored="0" name="Command line test" tests="4" failures="0" timestamp="04 Aug 2019 10:06:52 GMT" time="8.539" errors="0">
  <testcase name="VerifyAppUrl_TC01" time="0.027" classname="com.vtiger.tests.LoginTest"/>
  <testcase name="VerifyInvalidLogin_TC03" time="0.887" classname="com.vtiger.tests.LoginTest"/>
  <testcase name="VerifyLogo_TC02" time="0.04" classname="com.vtiger.tests.LoginTest"/>
  <testcase name="VerifyvalidLogin_TC04" time="2.201" classname="com.vtiger.tests.LoginTest"/>
</testsuite> <!-- Command line test -->
